

+----------------------------------------+---------------------------+----------------------------------+------+
| INST                                   | TIME                      | ID                               | TT   |
|----------------------------------------+---------------------------+----------------------------------+------|
| NSE_FO:BANKNIFTY02FEB2341000PE [LOCAL] | 2023-02-01 14:15:00+05:30 | 86b02e0b98db44a79ebe37c555335112 | BUY  |
+----------------------------------------+---------------------------+----------------------------------+------+
+----+---------------------------+------------------------+-------+
|    | TIME                      | STATE                  | MSG   |
|----+---------------------------+------------------------+-------|
|  0 | 2023-02-01 14:15:00+05:30 | PUT ORDER REQ RECEIVED |       |
|  1 | 2023-02-01 14:15:00+05:30 | VALIDATION PENDING     |       |
|  2 | 2023-02-01 14:15:00+05:30 | OPEN PENDING           |       |
|  3 | 2023-02-01 14:15:00+05:30 | OPEN                   |       |
|  4 | 2023-02-01 14:15:00+05:30 | COMPLETE               |       |
+----+---------------------------+------------------------+-------+

+----------------------------------------+---------------------------+----------------------------------+------+
| INST                                   | TIME                      | ID                               | TT   |
|----------------------------------------+---------------------------+----------------------------------+------|
| NSE_FO:BANKNIFTY02FEB2341000PE [LOCAL] | 2023-02-01 14:45:00+05:30 | 38cfef2ef9614a72a147a072895104f4 | SELL |
+----------------------------------------+---------------------------+----------------------------------+------+
+----+---------------------------+------------------------+-------+
|    | TIME                      | STATE                  | MSG   |
|----+---------------------------+------------------------+-------|
|  0 | 2023-02-01 14:45:00+05:30 | PUT ORDER REQ RECEIVED |       |
|  1 | 2023-02-01 14:45:00+05:30 | VALIDATION PENDING     |       |
|  2 | 2023-02-01 14:45:00+05:30 | OPEN PENDING           |       |
|  3 | 2023-02-01 14:45:00+05:30 | TRIGGER PENDING        |       |
|  4 | 2023-02-01 15:30:00+05:30 | CANCEL PENDING         |       |
|  5 | 2023-02-01 15:30:00+05:30 | CANCELLED              |       |
+----+---------------------------+------------------------+-------+

+----------------------------------------+---------------------------+----------------------------------+------+
| INST                                   | TIME                      | ID                               | TT   |
|----------------------------------------+---------------------------+----------------------------------+------|
| NSE_FO:BANKNIFTY02FEB2341000PE [LOCAL] | 2023-02-02 09:15:00+05:30 | 82191f7f5c574750bc415976e13c88e9 | BUY  |
+----------------------------------------+---------------------------+----------------------------------+------+
+----+---------------------------+------------------------+-------+
|    | TIME                      | STATE                  | MSG   |
|----+---------------------------+------------------------+-------|
|  0 | 2023-02-02 09:15:00+05:30 | PUT ORDER REQ RECEIVED |       |
|  1 | 2023-02-02 09:15:00+05:30 | COMPLETE               |       |
+----+---------------------------+------------------------+-------+

+----------------------------------------+---------------------------+----------------------------------+------+
| INST                                   | TIME                      | ID                               | TT   |
|----------------------------------------+---------------------------+----------------------------------+------|
| NSE_FO:BANKNIFTY02FEB2341000PE [LOCAL] | 2023-02-02 09:15:00+05:30 | 0f807d09f6914923849fbfc0b98c2c8e | SELL |
+----------------------------------------+---------------------------+----------------------------------+------+
+----+---------------------------+------------------------+-------+
|    | TIME                      | STATE                  | MSG   |
|----+---------------------------+------------------------+-------|
|  0 | 2023-02-02 09:15:00+05:30 | PUT ORDER REQ RECEIVED |       |
|  1 | 2023-02-02 09:15:00+05:30 | VALIDATION PENDING     |       |
|  2 | 2023-02-02 09:15:00+05:30 | OPEN PENDING           |       |
|  3 | 2023-02-02 09:15:00+05:30 | OPEN                   |       |
|  4 | 2023-02-02 09:15:00+05:30 | COMPLETE               |       |
+----+---------------------------+------------------------+-------+